<?xml version="1.0" encoding="UTF-8"?>
<coverage generated="1656779088416" clover="3.2.0">
  <project timestamp="1656779088416" name="All files">
    <metrics statements="14" coveredstatements="7" conditionals="4" coveredconditionals="1" methods="4" coveredmethods="3" elements="22" coveredelements="11" complexity="0" loc="14" ncloc="14" packages="1" files="1" classes="1"/>
    <file name="index.js" path="D:\project\javascript\testing\latihanTesting\index.js">
      <metrics statements="14" coveredstatements="7" conditionals="4" coveredconditionals="1" methods="4" coveredmethods="3"/>
      <line num="1" count="1" type="stmt"/>
      <line num="2" count="4" type="stmt"/>
      <line num="3" count="1" type="cond" truecount="1" falsecount="1"/>
      <line num="5" count="4" type="stmt"/>
      <line num="6" count="1" type="stmt"/>
      <line num="9" count="1" type="stmt"/>
      <line num="10" count="0" type="stmt"/>
      <line num="11" count="0" type="stmt"/>
      <line num="13" count="0" type="cond" truecount="0" falsecount="2"/>
      <line num="14" count="0" type="stmt"/>
      <line num="15" count="0" type="stmt"/>
      <line num="17" count="0" type="stmt"/>
      <line num="18" count="0" type="stmt"/>
      <line num="22" count="1" type="stmt"/>
    </file>
  </project>
</coverage>
